node	ismarine
root	False
n0	False
n1026	False
n00	False
Megalops_atlanticus	False
Amia_calva	False
n10261026	False
n1	False
Elops_saurus	False
Atractosteus_tropicus	False
n1027	False
n11	False
Sprattus_sprattus	False
Lepisosteus_oculatus	False
Lepisosteus_osseus	False
n2	False
n10231023	False
n22	False
n10161016	False
n1024	True
n1025	True
n3	False
Eurypharynx_pelecanoides	True
Anguilla_anguilla	False
n1017	True
Anguilla_japonica	False
n10241024	True
n10251025	True
Notacanthus_bonaparte	True
n33	False
n10151015	False
n10171017	True
Muraena_robusta	True
Conger_conger	True
Conger_japonicus	True
Halosauropsis_macrochir	True
Histiobranchus_bathybius	True
n4	False
n303303	False
Arapaima_gigas	False
n1016	False
n1018	True
n10221022	True
n44	False
Parakneria_cameronensis	False
n304	False
n1004	False
Mormyrops_anguilloides	False
Osteoglossum_bicirrhosum	False
n10181018	True
Gymnothorax_favagineus	True
Gymnothorax_reticularis	True
n1023	True
n5	False
n152	False
n304304	False
n1002	True
n10041004	False
Lepidogalaxias_salamandroides	False
n1019	True
n1021	True
Rhinomuraena_quaesita	True
Strophidon_sathete	False
n55	False
n124	False
n152152	False
n292	False
n305	True
n995995	False
n10021002	True
Sagamichthys_abei	True
n1005	False
n10121012	False
n10191019	True
n10201020	True
Gymnothorax_unicolor	True
n10211021	True
n6	False
Denticeps_clupeoides	False
n124124	False
n130	False
n153	False
Betadevario_ramachandrani	False
n292292	False
Chelaethiops_elongatus	False
n305305	True
n987	True
n996	False
n10001000	True
n1003	True
Talismania_longifilis	True
n10051005	False
n10101010	False
n1013	False
n1015	False
n1020	True
Gymnothorax_bacalladoi	True
Gymnothorax_maderensis	True
Gymnothorax_miliaris	True
n1022	True
Muraena_melanotis	True
n66	False
Notropis_petersoni	False
n125	False
n129129	False
n130130	False
n143143	False
n153153	False
n290290	False
n293	False
Neobola_bottegoi	False
n306	True
n986986	True
n987987	True
Lampris_immaculatus	True
n996996	False
Lovettia_sealii	False
n1001	True
n10011001	True
Alepocephalus_antipodianus	True
n10031003	True
Brachymystax_lenok	False
n1006	False
Dallia_pectoralis	False
n1011	False
n10131013	False
n1014	False
Prototroctes_maraena	False
Stokellia_anisodon	False
Enchelycore_anatina	True
Gymnothorax_polygonius	True
Muraena_augusti	True
Muraena_helena	True
n7	False
n51	False
n125125	False
Sardinella_maderensis	False
Chanos_chanos	False
Gonorynchus_greyi	False
n131	False
Ariopsis_felis	False
n144	False
Ctenolucius_hujeta	False
n154	False
n290	False
n291	False
n291291	False
n293293	False
Chelaethiops_bibie	False
n306306	True
n952	True
Haemulon_aurolineatum	True
Sillago_sihama	False
n988	True
n995	True
Aplochiton_zebra	False
n997	False
Argentina_sialis	True
Argentina_striata	True
Argentina_silus	True
Argentina_sphyraena	True
Alepocephalus_bicolor	True
Alepocephalus_owstoni	True
n10061006	False
Oncorhynchus_kisutch	False
n10111011	False
n1012	False
Hypomesus_nipponensis	False
Osmerus_eperlanus	False
n10141014	False
Salangichthys_microdon	False
n77	False
n27	False
n5151	False
n121	False
n126	False
n128128	False
n131131	False
Clarias_gariepinus	False
n144144	False
Semaprochilodus_insignis	False
n154154	False
n274274	False
Danionella_dracula	False
Danionella_mirifica	False
Esomus_ahli	False
Esomus_caudiocellatus	False
Esomus_longimanus	False
Esomus_metallicus	False
n294	False
n299	False
n307	True
n806806	True
n952952	True
n978978	True
n988988	True
n992992	True
Zenopsis_conchifer	True
Zeus_faber	True
n997997	False
Galaxias_platei	False
n1007	False
Oncorhynchus_tshawytscha	False
Esox_lucius	False
Esox_reichertii	False
Umbra_limi	False
Umbra_pygmaea	False
Neosalanx_anderssoni	False
Protosalanx_chinensis	False
n8	False
n1010	False
n2727	False
Squaliobarbus_curriculus	False
n52	False
Notropis_longirostris	False
n121121	False
n123123	False
n126126	False
n127127	False
n129	False
Clupea_harengus	False
n132	False
n140	False
n145	False
n147147	False
n155	False
n263263	False
n275	False
n288	False
n294294	False
Opsarius_pulchellus	False
n299299	False
Leptocypris_niloticus	False
n307307	True
n696	True
n807	True
Sphaeramia_nematoptera	True
n953	True
n965965	True
n979	True
n981981	True
n989	True
n992	True
n993	True
Grammicolepis_brachiusculus	True
n998	False
Galaxias_zebratus	False
n10071007	False
Oncorhynchus_mykiss	False
Abbottina_rivularis	False
n88	False
n1111	False
n24	False
n28	False
n4343	False
n5252	False
Notropis_lutipinnis	False
n122	False
n123	False
Notropis_chrosomus	False
Notropis_nubilus	False
n127	False
Coilia_dussumieri	False
n128	False
Sardina_pilchardus	False
Dorosoma_cepedianum	False
Sardinella_aurita	False
n132132	False
Liobagrus_anguillicauda	False
n140140	False
Pseudecheneis_sulcata	False
n145145	False
Hydrolycus_armatus	False
n148	False
Nannostomus_beckfordi	False
n155155	False
n236236	False
n264	False
n265265	False
n275275	False
n287	False
n288288	False
Myxocyprinus_asiaticus	False
n295	False
n297	False
n300	False
n301	False
n308	True
n319319	True
n696696	False
n806	True
n807807	True
Rhabdoblennius_nitidus	True
n953953	True
n964964	True
n966	True
n978	True
n979979	True
Trachyrincus_murrayi	True
n982	True
n982982	True
n989989	True
n990	True
Barbourisia_rufa	True
Regalecus_glesne	True
n993993	True
n994994	True
Galaxias_brevipinnis	False
n998998	False
n1008	False
Oncorhynchus_nerka	False
n9	False
Gobiobotia_meridionalis	False
n12	False
n21	False
n2424	False
n26	False
n2828	False
n2929	False
n4444	False
Luciobrama_macrocephalus	False
n53	False
n120	False
n122122	False
Notropis_chlorocephalus	False
Notropis_chiliticus	False
Notropis_rubricroceus	False
Alosa_alosa	False
Alosa_fallax	False
Engraulis_encrasicolus	False
Engraulis_japonicus	True
n133	False
Lacantunia_enigmatica	False
n141	False
Euchiloglanis_kishinouyei	False
n146	False
Eigenmannia_virescens	False
n148148	False
Distichodus_antonii	False
n156	False
n234234	False
n237	False
Luciosoma_bleekeri	False
n264264	False
Incisilabeo_behri	False
n266	False
Laubuca_dadiburjori	False
n276	False
n286286	False
Horadandia_atukorali	False
n287287	False
n289	False
n289289	False
n295295	False
Raiamas_guttatus	False
n297297	False
n298298	False
n300300	False
Engraulicypris_sardella	False
n301301	False
n302302	False
n308308	True
n316	False
n320	True
n687687	True
n697	False
n796	False
Glaucosoma_magnificum	True
Pempheris_schwenkii	True
n808	True
n865865	True
n954	False
Cabillus_tongarevae	True
Lates_niloticus	False
n965	True
n966966	True
Rhinogobiops_nicholsii	True
Fusigobius_neophytus	True
Lophogobius_cyprinoides	False
n980	True
Coryphaenoides_rupestris	True
Myripristis_berndti	True
Myripristis_violacea	True
n983	True
n985985	True
Alepocephalus_agassizii	True
Hoplostethus_atlanticus	True
Beryx_decadactylus	True
n990990	True
Aulopus_filamentosus	True
n994	True
Chlorophthalmus_agassizi	True
Notolepis_coatsi	True
n999	False
Galaxias_paucispondylus	False
n10081008	False
n10091009	False
Biwia_zezera	False
n99	False
n1212	False
Saurogobio_dabryi	False
n2121	False
Pseudogobio_vaillanti	False
n25	False
Romanogobio_tanaiticus	False
n2626	False
Gobio_gobio	False
Aphyocypris_chinensis	False
n29	False
Candidia_barbata	False
n30	False
n45	False
Elopichthys_bambusa	False
n5353	False
Notropis_spectrunculus	False
n120120	False
Notropis_volucellus	False
Notropis_blennius	False
Notropis_rubellus	False
n133133	False
n137137	False
n141141	False
n143	False
Apteronotus_albifrons	False
n146146	False
n149	False
n151151	False
n156156	False
Garra_tengchongensis	False
n235	False
Opsarius_koratensis	False
n237237	False
n262	False
n265	False
Labeo_boga	False
n266266	False
n273273	False
n276276	False
n277	False
Psilorhynchus_homaloptera	False
Psilorhynchus_sucatio	False
Rasbora_daniconius	False
Rasboroides_vaterifloris	False
Catostomus_commersonii	False
Hypentelium_nigricans	False
Cycleptus_elongatus	False
Minytrema_melanops	False
n296	False
Raiamas_bola	False
Barilius_bendelisis	False
n298	False
Raiamas_batesii	False
Raiamas_senegalensis	False
Barilius_canarensis	False
Opsaridium_ubangiense	False
Opsaridium_boweni	False
n302	False
Opsaridium_peringueyi	False
n303	False
n309	True
n311	True
n316316	False
n318318	False
n320320	True
n683	True
n688	True
n695	True
n697697	False
n754754	False
n796796	False
Colomesus_asellus	False
n808808	True
n864864	True
n866	True
n914	True
n954954	False
Periophthalmus_barbarus	False
Trimma_caesiura	True
Trimma_flammeum	True
n967	True
Coryphopterus_punctipectophorus	True
n980980	True
Coryphaenoides_profundicolus	True
n983983	True
Sargocentron_punctatissimum	True
n986	True
Sargocentron_microstoma	True
n991	True
Neocyttus_helgae	True
Synodus_foetens	False
Synodus_saurus	True
n999999	False
Galaxias_maculatus	False
n1009	False
Salmo_trutta	False
Oncorhynchus_gorbuscha	False
Oncorhynchus_keta	False
Rhinogobio_typus	False
n10	False
n13	False
Hemibarbus_mylodon	False
n2222	False
n2323	False
Gobio_coriparoides	False
n2525	False
Gobio_cynocephalus	False
Romanogobio_tenuicorpus	False
Parachela_siamensis	False
Parachela_williaminae	False
n3030	False
n37	False
n4545	False
n50	False
n54	False
n118	False
Notropis_leuciodus	False
Notropis_texanus	False
n134	False
Cranoglanis_bouderius	False
n138	False
Silurus_meridionalis	False
n142	False
Glaridoglanis_andersonii	False
Exostoma_labiatum	False
Glyptosternon_maculatum	False
n147	False
Rhamphichthys_marmoratus	False
n149149	False
Hepsetus_odoe	False
Hoplias_malabaricus	False
Phenacogrammus_interruptus	False
n157	False
n234	False
n235235	False
n236	False
n238	False
n259259	False
n262262	False
Danio_feegradei	False
Bangana_dero	False
Labeo_bata	False
n267	False
n273	False
n274	False
Laubuca_caeruleostigmata	False
Amblypharyngodon_chulabhornae	False
Amblypharyngodon_mola	False
n277277	False
Pectenocypris_korthausae	False
n296296	False
Barilius_caudiocellatus	False
Cabdio_morar	False
Securicula_gora	False
Raiamas_buchholzi	False
Raiamas_christyi	False
Raiamas_salmolucius	False
Rastrineobola_argentea	False
Abudefduf_sexfasciatus	True
n309309	True
n311311	True
n315315	True
n317	False
n318	False
Andinoacara_coeruleopunctatus	False
n319	False
n321	True
n681681	True
n683683	True
n685	True
n688688	True
n694694	True
n695695	False
Onigocia_bimaculata	True
n698	False
n754	False
n755	False
Austrofundulus_leohoignei	False
n797	False
n800800	False
n809	True
n853853	True
n865	True
Gobiesox_rhessodon	True
n866866	True
n913913	True
n914914	True
n948948	True
n955	False
Smilosicyopus_sasali	False
n967967	True
Coryphopterus_dicrus	True
n981	True
Coryphaenoides_leptolepis	True
n984	True
n984984	True
Sargocentron_diadema	True
Sargocentron_xantherythrum	True
Beryx_splendens	True
n991991	True
n1000	False
Galaxias_neocaledonicus	False
Coregonus_autumnalis	False
Salmo_salar	False
Squalidus_argentatus	False
Squalidus_wolterstorffi	False
n1313	False
Gnathopogon_elongatus	False
n23	False
Microphysogobio_elongatus	False
Pseudogobio_esocinus	False
Pseudogobio_guilinensis	False
Microphysogobio_longidorsalis	False
Romanogobio_ciscaucasicus	False
n31	False
Nipponocypris_sieboldii	False
n3737	False
n4242	False
n46	False
n49	False
n5050	False
Parachela_oxygastroides	False
n5454	False
n112112	False
n118118	False
n119	False
n134134	False
n136	False
n138138	False
n139139	False
n142142	False
Pareuchiloglanis_gracilicaudata	False
Brachyhypopomus_gauderio	False
Gymnotus_cylindricus	False
n150	False
Brycinus_macrolepidotus	False
n157157	False
n227	False
Garra_flavatra	False
Garra_lissorhynchus	False
Barbatula_barbatula	False
Barbatula_toni	False
Triplophysa_gundriseri	False
Triplophysa_rosa	False
n238238	False
n259	False
Danio_aesculapii	False
n260	False
n263	False
Danio_nigrofasciatus	False
n267267	False
n272272	False
Microdevario_gatesi	False
Microdevario_kubotai	False
Devario_sondhii	False
Microrasbora_rubescens	False
n278	False
n286	False
Barilius_barila	False
Barilius_vagra	False
n310	True
Chrysiptera_rex	True
n312	True
Chromis_viridis	True
Amphiprion_melanopus	True
Pomacentrus_amboinensis	True
Andinoacara_biseriatus	False
n317317	False
Andinoacara_latifrons	False
Andinoacara_pulcher	False
Andinoacara_rivulatus	False
Andinoacara_stalsbergi	False
n321321	True
n609	True
n682	True
n682682	True
n684	True
Stephanolepis_hispidus	True
n685685	True
Stephanolepis_cirrhifer	True
n689	True
n691691	False
Lycodapus_antarcticus	True
Lycodes_terraenovae	True
Lutjanus_analis	False
Pomatomus_saltatrix	False
n698698	False
Callochromis_macrops	False
Neolamprologus_fasciatus	False
Spathodus_erythrodon	False
n755755	False
n780780	False
n797797	False
Takifugu_ocellatus	False
n801	True
n805805	False
n809809	True
Calliclinus_geniguttatus	True
n854	True
Pavoclinus_graminis	True
Gobiesox_juradoensis	False
Gobiesox_pinniger	True
n867	False
n911911	True
Oryzias_latipes	False
Salarias_fasciatus	True
n915	True
n948	True
n949	True
Salarias_alboguttatus	True
n955955	False
n960	False
n968	True
Coryphopterus_hyalinus	False
Coryphaenoides_carapinus	True
Macruronus_novaezelandiae	True
Neoniphon_argenteus	True
Neoniphon_sammara	True
Neoniphon_aurolineatus	True
n985	True
Polymixia_japonica	True
Polymixia_nobilis	True
Galaxias_gollumoides	False
Neochanna_burrowsius	False
n14	False
n2020	False
Gobiobotia_pappenheimi	False
Microphysogobio_amurensis	False
n3131	False
Nipponocypris_temminckii	False
n38	False
Hemiculter_leucisculus	False
Hemiculter_bleekeri	False
n43	False
Ctenopharyngodon_idella	False
n4646	False
Hypophthalmichthys_nobilis	False
n4949	False
Oxygaster_anomalura	False
Parachela_maculicauda	False
n5555	False
n109	False
n113	False
n117117	False
Meda_fulgida	False
Plagopterus_argentissimus	False
n119119	False
Semotilus_atromaculatus	False
n135	False
Pseudobagrus_tokiensis	False
n136136	False
n137	False
Bagarius_yarrelli	False
n139	False
Malapterurus_microstoma	False
Pangasianodon_hypophthalmus	False
Creteuchiloglanis_kamengensis	False
Pseudexostoma_yunnanense	False
n150150	False
Characidium_fasciatum	False
n158	False
n221	False
n227227	False
Garra_orientalis	False
n239	False
n258258	False
Danio_choprae	False
Danio_kerri	False
n260260	False
Danio_rerio	False
Danio_albolineatus	False
Danio_roseus	False
n268	False
n271	False
Devario_devario	False
Devario_pathirana	False
n278278	False
Labeo_cyclorhynchus	False
Labeo_forskalii	False
Labeo_parvus	False
n310310	True
Pomacentrus_pavo	True
n312312	True
Neopomacentrus_bankieri	True
Astronotus_ocellatus	False
Crenicichla_frenata	False
n322	True
n593	True
n609609	True
n678678	True
Callionymus_filamentosus	True
Mullus_surmuletus	False
Glaucosoma_buergeri	True
Glaucosoma_scapulare	True
Brachaluteres_jacksonianus	True
n684684	True
n686	True
Stephanolepis_auratus	True
n689689	True
n690690	False
n692	False
n693693	False
n699	False
Xenotilapia_ochrogenys	False
n756	False
n771	False
n781	False
n792	False
n798	False
n800	False
n801801	True
Reicheltia_halsteadi	True
Tetractenos_glaber	False
Tetractenos_hamiltoni	True
n810	True
Alloclinus_holderi	True
Auchenionchus_microcirrhis	True
n854854	True
n867867	False
Ponticola_cephalargoides	False
Apletodon_dentatus	False
n912	True
n915915	True
n933933	True
Istiblennius_dussumieri	False
Istiblennius_lineatus	True
n949949	True
Cirripectes_quagga	True
n956	False
n959959	False
n960960	False
Smilosicyopus_chloe	False
n968968	True
Coryphopterus_personatus	True
Sargocentron_spiniferum	True
Sargocentron_tiere	True
n1414	False
Gnathopogon_herzensteini	False
Pseudorasbora_parva	False
Pungtungia_herzi	False
n32	False
n36	False
n3838	False
Pseudohemiculter_dispar	False
Hemiculter_lucidus	False
Pseudolaubuca_engraulis	False
n47	False
n4848	False
Mylopharyngodon_piceus	False
Ochetobius_elongatus	False
n56	False
n9393	False
n109109	False
n110110	False
n113113	False
Richardsonius_egregius	False
Clinostomus_funduloides	False
Mylocheilus_caurinus	False
Phoxinus_phoxinus	False
Rhynchocypris_percnurus	False
Ameiurus_nebulosus	False
n135135	False
Corydoras_rabauti	False
Kryptopterus_minor	False
Leiarius_pictus	False
Microglanis_iheringi	False
Gagata_dolichonema	False
Glyptothorax_trilineatus	False
n151	False
Chalceus_macrolepidotus	False
n158158	False
n220220	False
n221221	False
Garra_kempi	False
Garra_mirofrontis	False
n228	False
n239239	False
n258	False
Danio_erythromicron	False
Danio_margaritatus	False
n261	False
n261261	False
n268268	False
n269	False
Devario_aequipinnatus	False
n271271	False
n279	False
n282282	False
Chrysiptera_cyanea	True
Lichia_amia	False
n313	True
Chromis_limbata	True
n322322	True
Campellolebias_brucei	False
n593593	True
n604	False
n610	True
n670670	True
n679	True
Canthigaster_amboinensis	True
Dactyloptena_orientalis	True
Dactylopterus_volitans	True
Chaetodermis_penicilligerus	True
n686686	True
n690	True
Pholis_gunnellus	True
n691	False
Zoarces_viviparus	False
n692692	False
Myoxocephalus_scorpius	False
Cyclopterus_lumpus	True
n694	False
n699699	False
Lamprologus_callipterus	False
n756756	False
Renova_oscari	False
n771771	False
n776776	False
n781781	False
Pituna_poranga	False
n792792	False
n795	False
n798798	False
n799	False
Marilyna_darwinii	False
Pomadasys_perotaei	False
Polyspina_piosae	True
n802	True
n810810	True
n851851	True
n855	True
n857857	True
n868	False
n911	False
n912912	True
Lepadogaster_lepadogaster	True
n916	True
Praealticus_caesius	True
n934	True
Petroscirtes_mitratus	True
n950	True
Cirripectes_filamentosus	True
n956956	False
Sicyopus_zosterophorus	False
Sicyopterus_lagocephalus	False
Sicyopterus_pugnans	False
n961	False
Sicydium_plumieri	False
n969	True
n976976	True
n15	False
Coreoleuciscus_splendidus	False
n3232	False
n34	False
Paralaubuca_barroni	False
n3636	False
n39	False
n42	False
n4747	False
Yaoshanicus_arcus	False
Hypophthalmichthys_molitrix	False
Macrochirichthys_macrochirus	False
n5656	False
n8989	False
n94	False
n102102	False
Campostoma_anomalum	False
n110	False
Dionda_melanops	False
n111	False
n114	False
Iotichthys_phlegethontis	False
Diplomystes_nahuelbutaensis	False
Parailia_pellucida	False
Astyanax_mexicanus	False
Paracheirodon_innesi	False
n159	False
n183	False
Garra_fasciacauda	False
Garra_micropulvinus	False
n222	False
Garra_nasuta	False
n228228	False
n232232	False
n240	False
n257257	False
Gyrinocheilus_aymonieri	False
Gyrinocheilus_pennocki	False
Danio_dangila	False
Danio_meghalayensis	False
Danio_kyathit	False
Danio_tinwini	False
Chela_cachius	False
Devario_annandalei	False
n269269	False
n270	False
n272	False
Devario_shanensis	False
n279279	False
Labeo_batesii	False
n283	False
Cirrhinus_microlepis	False
n313313	True
Stegastes_gascoynei	True
n323	True
n585585	True
n594	True
n598	True
n604604	False
Tetraodon_erythrotaenia	False
n610610	True
n630	True
n671	True
n676676	True
n679679	True
Lactoria_diaphana	True
Paramonacanthus_choirocephalus	True
n687	True
Anarhichas_lupus	True
Anarhichas_minor	True
Gasterosteus_aculeatus	False
Spinachia_spinachia	False
Cottunculus_thomsonii	True
n693	False
Leocottus_kesslerii	False
Myoxocephalus_quadricornis	False
n700	False
n752752	False
n757	False
Anablepsoides_hartii	False
n772	False
Fundulopanchax_mirabilis	False
n777	False
n779779	False
n782	False
Maratecoara_formosa	False
n793	False
Gnatholebias_zonatus	False
n795795	False
Cynodonichthys_tenuis	False
Cheimarrichthys_fosteri	False
Pomadasys_incisus	True
n799799	False
Lateolabrax_japonicus	False
n802802	True
Torquigener_squamicauda	False
n811	True
n818818	True
Acanthemblemaria_rivasi	True
n852	True
n855855	True
Clinus_agilis	True
n858	True
n863863	True
n868868	False
n894	True
Cerdale_floridana	False
Microdesmus_bahianus	True
Aspasma_minima	True
n913	True
n916916	True
Andamia_reyi	True
n934934	True
n947	True
n950950	True
n951	True
n957	False
Stiphodon_atratus	False
n961961	False
Lentipes_kaaea	False
n969969	True
Fusigobius_duospilus	True
n977	True
Cryptocentrus_cinctus	True
n1515	False
Sarcocheilichthys_parvus	False
n3333	False
Sinibrama_macrops	False
n3434	False
Zacco_platypus	False
Paralaubuca_riveroi	False
Paralaubuca_typus	False
n3939	False
n40	False
Hainania_serrata	False
Toxabramis_houdemeri	False
n48	False
Metzia_lineata	False
n57	False
Algansea_tincella	False
n90	False
n91	False
n9494	False
Luxilus_chrysocephalus	False
n103	False
Notropis_baileyi	False
Campostoma_oligolepis	False
Campostoma_pauciradii	False
n111111	False
n112	False
n114114	False
Oregonichthys_crameri	False
n159159	False
n165165	False
n183183	False
Malayochela_maassi	False
n222222	False
Garra_lamta	False
n229	False
Pseudocrossocheilus_longibullus	False
Parasinilabeo_assimilis	False
n233	False
n240240	False
n257	False
Leptobarbus_hoevenii	False
Luciosoma_setigerum	False
Devario_chrysotaeniatus	False
Devario_xyrops	False
n270270	False
Devario_regina	False
Devario_apogon	False
Devario_laoensis	False
n280	False
n281	False
n283283	False
n284	False
n314	True
n314314	True
n323323	True
n577577	True
n586	True
n592592	False
Arothron_stellatus	True
n594594	True
n598598	True
n603603	True
n605	False
Carinotetraodon_travancoricus	False
n611	True
n628	True
n630630	True
n669	True
n671671	True
n675675	True
n677	True
Canthigaster_leoparda	True
n680	True
n681	True
Pervagor_melanocephalus	True
Pervagor_nigrolineatus	True
Taurulus_bubalis	False
Xeneretmus_latifrons	True
n700700	False
n743743	False
n753	False
Variabilichromis_moorii	False
n757757	False
Cynodonichthys_magdalenae	False
n772772	False
Aphyosemion_ocellatum	False
n777777	False
n779	False
n780	False
Pachypanchax_playfairii	False
n782782	False
n791	False
n793793	False
n794794	False
Atlantirivulus_haraldsiolii	False
Atlantirivulus_santensis	False
Diapterus_auratus	False
Eugerres_plumieri	False
n803	True
n805	True
n811811	True
Ekemblemaria_nigra	True
n819	True
Malacoctenus_aurolineatus	True
n852852	True
Protemblemaria_bicirrus	True
n856	True
Neoclinus_blanchardi	True
n858858	True
n859859	True
n864	True
Gibbonsia_metzi	True
n869	False
n893	False
n894894	True
Tigrigobius_multifasciatus	True
Tomicodon_humeralis	True
Tomicodon_myersi	True
n917	True
Praealticus_striatus	True
n935	True
Plagiotremus_tapeinosoma	True
Lepidonectes_corallicola	True
n947947	False
Cirripectes_castaneus	True
Cirripectes_stigmaticus	True
n951951	True
Ophioblennius_steindachneri	True
n957957	False
Stiphodon_hydoreibatus	False
n962	False
n963963	False
n970	True
n973973	True
n977977	True
Fusigobius_signipinnis	True
n16	False
n1919	False
Chanodichthys_erythropterus	False
Culter_alburnus	False
n35	False
n3535	False
Chanodichthys_mongolicus	False
Culter_flavipinnis	False
n4040	False
n4141	False
Hemigrammocypris_rasborella	False
Metzia_formosae	False
n5757	False
Algansea_lacustris	False
n9090	False
Rhinichthys_atratulus	False
n9191	False
Nocomis_leptocephalus	False
n95	False
n97	False
n103103	False
n108108	False
Erimystax_dissimilis	False
Pogonichthys_macrolepidotus	False
Rhinichthys_cataractae	False
Rhinichthys_osculus	False
n115	False
Richardsonius_balteatus	False
n160	False
n164164	False
n166	False
n173	False
n184	False
n206	False
n223	False
Garra_fuliginosa	False
n229229	False
n231231	False
n233233	False
Pseudogyrinocheilus_prochilus	False
n241	False
Vaillantella_maassi	False
Botia_dario	False
Canthophrys_gongota	False
Devario_kakhienensis	False
Devario_malabaricus	False
n280280	False
Cyprinus_carpio	False
n281281	False
Labeo_rohita	False
Cirrhinus_cirrhosus	False
Cirrhinus_mrigala	False
n284284	False
Labeo_yunnanensis	False
Amphiprion_akindynos	True
Dascyllus_trimaculatus	True
n315	True
Plectroglyphidodon_dickii	True
n324	True
Scorpaenodes_minor	True
n578	True
n582	True
n586586	True
n587	True
Lophius_budegassa	False
Lophius_piscatorius	False
Enoplosus_armatus	True
n595	True
n599	False
n601601	True
Lactoria_cornuta	True
Ostracion_meleagris	True
n605605	False
n608	False
n611611	True
n627627	True
n628628	True
Monotaxis_grandoculis	True
n631	True
n667	True
n669669	True
n670	True
n672	True
Xyrichtys_novacula	True
n676	True
Latridopsis_ciliaris	True
n677677	True
Canthigaster_papua	True
n680680	True
Aracana_aurita	True
Caprichthys_gymnura	True
Capropygia_unistriata	True
n701	False
n743	False
n744	False
Sarotherodon_melanotheron	False
n753753	False
Ophthalmotilapia_ventralis	False
n758	False
Rivulus_roloffi	False
n773	False
n775775	False
Callopanchax_occidentalis	False
n778	False
Scriptaphyosemion_banforense	False
Scriptaphyosemion_guignardi	False
Pachypanchax_omalonotus	False
Pachypanchax_sakaramyi	False
n783	False
n790790	False
n791791	False
Trigonectes_balzanii	False
n794	False
Melanorivulus_pictus	False
Melanorivulus_punctatus	False
Melanorivulus_violaceus	False
n803803	True
Takifugu_stictonotus	True
Takifugu_pardalis	True
Takifugu_rubripes	False
n812	True
n813	True
n819819	True
n824	True
Coralliozetus_micropes	True
n853	True
n856856	True
Mccoskerichthys_sandae	True
Blennophis_striatus	True
n859	True
n860	True
n861	True
Gibbonsia_elegans	True
Gibbonsia_montereyensis	True
n869869	False
n892	True
n893893	True
Ginsburgellus_novemlineatus	False
n895	True
Tigrigobius_macrodon	True
n917917	True
Andamia_tetradactylus	True
n935935	True
Plagiotremus_azaleus	True
Omobranchus_anolius	False
Omobranchus_obliquus	False
Nannosalarias_nativitatis	True
Ophioblennius_macclurei	True
n958	False
Stiphodon_elegans	False
n962962	False
n963	False
Lentipes_armatus	False
n964	False
n970970	True
Amblyeleotris_periophthalma	True
n974	True
Ctenogobiops_tangaroai	True
Asterropteryx_semipunctata	True
Cryptocentrus_inexplicatus	True
n1616	False
Sarcocheilichthys_soldatovi	False
n20	False
Tinca_tinca	False
Opsariichthys_bidens	False
Opsariichthys_uncirostris	False
Opsariichthys_evolans	False
Opsariichthys_pachycephalus	False
Ischikauia_steenackeri	False
n41	False
Megalobrama_amblycephala	False
Parabramis_pekinensis	False
n58	False
Algansea_avia	False
Exoglossum_laurae	False
Exoglossum_maxillingua	False
n92	False
Nocomis_micropogon	False
n9595	False
n96	False
n9797	False
n101	False
n104	False
Yuriria_alta	False
Notropis_atherinoides	False
Notropis_calientis	False
n115115	False
Couesius_plumbeus	False
n160160	False
n162162	False
n165	False
Hypselobarbus_jerdoni	False
n166166	False
n172172	False
n173173	False
n182182	False
n184184	False
Garra_bicornuta	False
n206206	False
Crossocheilus_oblongus	False
n223223	False
n224	False
n230	False
n230230	False
Pseudocrossocheilus_liuchengensis	False
n232	False
Pseudocrossocheilus_tridentis	False
Qianlabeo_striatus	False
n241241	False
n254	False
Carassius_carassius	False
Carassius_gibelio	False
Labeo_angra	False
n282	False
n285	False
Labeo_niloticus	False
Dascyllus_aruanus	True
Parma_oligolepis	True
n324324	True
n553553	True
n578578	True
Cepola_macrophthalma	True
Chilomycterus_reticulatus	True
n582582	True
Belonoperca_chabanaudi	True
Grammistops_ocellatus	True
n587587	True
Rypticus_saponaceus	True
n595595	False
Girella_punctata	True
n599599	True
Thalassoma_pavo	False
Omegophora_armilla	True
n602	True
n606	False
n607607	False
n608608	False
Tetraodon_miurus	False
n612	True
n626626	True
Hippichthys_penicillus	False
Hippocampus_breviceps	False
Lethrinus_olivaceus	True
n629	True
n631631	True
n662662	False
n667667	True
Idiotropiscis_lumnitzeri	True
Kentrocapros_rosapinto	True
Tetrosomus_gibbosus	True
Tetrosomus_concatenatus	True
Tetrosomus_reipublicae	True
n672672	True
n674674	True
Canthigaster_bennetti	True
Lagocephalus_suezensis	True
n678	True
Canthigaster_valentini	True
Anoplocapros_inermis	True
Anoplocapros_lenticularis	True
n701701	False
n742742	False
Astatotilapia_calliptera	False
Melanochromis_vermivorus	False
n744744	False
n746	False
Cyathopharynx_furcifer	False
Ophthalmotilapia_nasuta	False
n758758	False
n770770	False
Aphyosemion_ahli	False
n773773	False
n776	False
Aphyosemion_primigenium	False
Epiplatys_bifasciatus	False
n778778	False
n783783	False
n784784	False
Laimosemion_mahdiaensis	False
Rivulus_cylindraceus	False
Neofundulus_paraguayensis	False
Trigonectes_rubromarginatus	False
Aphyosemion_elberti	False
Aphyosemion_exigoideum	False
Takifugu_niphobles	True
n804	False
Acanthemblemaria_aspera	True
n812812	True
n813813	True
n818	True
n820	True
Dactyloscopus_lacteus	True
n824824	True
n836836	True
Ekemblemaria_myersi	True
Hemiemblemaria_simulus	True
Blennioclinus_stella	True
n857	True
Heterostichus_rostratus	True
Pavoclinus_profundus	True
n860860	True
Clinus_acuminatus	True
n861861	True
n862	True
n870	False
n886	False
n892892	True
Tigrigobius_janssi	True
Elacatinus_limbaughi	True
Tigrigobius_nesiotes	True
n895895	True
Signigobius_biocellatus	True
n918	True
n918918	True
n936	True
Meiacanthus_oualanensis	True
n958958	False
Stiphodon_sapphirinus	False
Awaous_guamensis	False
Gnatholepis_cauerensis	False
Cotylopus_acutipinnis	False
Cotylopus_rubripinnis	False
Sicydium_punctatum	False
Stiphodon_rutilaureus	False
n971	True
Amblyeleotris_randalli	True
n974974	True
n975	True
n17	False
Pseudorasbora_pumila	False
Tanichthys_albonubes	False
Tanichthys_micagemmae	False
Plagiognathops_microlepis	False
Xenocypris_macrolepis	False
n5858	False
Algansea_monticola	False
n9292	False
Nocomis_effusus	False
Agosia_chrysogaster	False
Codoma_ornata	False
n9696	False
Cyprinella_garmani	False
n98	False
n9999	False
n101101	False
Dionda_nigrotaeniata	False
n104104	False
Cyprinella_monacha	False
n116	False
n116116	False
n161	False
Tor_sinensis	False
Barbus_barbus	False
n163	False
Barbonymus_gonionotus	False
Sawbwa_resplendens	False
n167	False
Crossocheilus_reticulatus	False
Henicorhynchus_lineatus	False
Henicorhynchus_ornatipinnis	False
n174	False
n175	False
Henicorhynchus_lobatus	False
Henicorhynchus_siamensis	False
n185	False
Labiobarbus_lineatus	False
n207	False
Pethia_manipurensis	False
Garra_ceylonensis	False
Garra_mullya	False
n224224	False
Garra_spilota	False
Hongshuia_paoli	False
Sinocrossocheilus_megalophthalmus	False
n231	False
Pseudocrossocheilus_nigrovittatus	False
Pseudocrossocheilus_papillolabrus	False
Semilabeo_obscurus	False
n242	False
n251251	False
n254254	False
n256	False
Labeo_calbasu	False
Labeo_chrysophekadion	False
n285285	False
Labeo_senegalensis	False
n325	True
n534	True
n554	True
n571	True
n579	True
Halobatrachus_didactylus	False
n583	True
Plectorhinchus_mediterraneus	True
n588	True
Odontanthias_chrysostictus	True
n596	False
Kyphosus_vaigiensis	False
n600	True
n601	True
n602602	True
Ostracion_rhinorhynchos	True
n606606	False
n607	False
Tetraodon_palembangensis	False
Tetraodon_suvattii	False
Tetraodon_duboisi	False
Tetraodon_mbu	False
n612612	True
n625625	True
Parapercis_clathrata	True
n627	True
Parahollardia_lineata	True
n629629	True
n632	True
n654654	True
n663	True
Hippocampus_guttulatus	False
n668	True
Syngnathus_typhle	False
n673	True
n674	True
n675	True
Triodon_macropterus	True
Canthigaster_compressa	False
Canthigaster_solandri	True
n702	False
n742	False
Rhamphochromis_esox	False
Rhamphochromis_longiceps	False
n745	False
Coptodon_bemini	False
n746746	False
n752	False
n759	False
n759759	False
Kryptolebias_caudomarginatus	False
Kryptolebias_marmoratus	False
Aphyosemion_australe	False
n774	False
Aphyosemion_hofmanni	False
Aplocheilus_lineatus	False
Epiplatys_lamottei	False
Epiplatys_singa	False
n784	False
Llanolebias_stellifer	False
n785	False
Terranatos_dolichopterus	False
n804804	False
Takifugu_xanthopterus	False
Stathmonotus_culebrai	True
Stathmonotus_lugubris	True
n814	True
Acanthemblemaria_hancocki	True
Acanthemblemaria_crockeri	True
Acanthemblemaria_macrospilus	True
n820820	True
Emblemariopsis_randalli	True
n825	True
n836	True
n837	True
n850	True
Cristiceps_australis	True
Heteroclinus_adelaidae	True
Cancelloxus_longior	True
Muraenoclinus_dorsalis	True
Clinus_arborescens	True
Clinus_musaicus	True
Clinus_cottoides	True
n862862	True
n870870	False
n885885	True
n886886	True
Mahidolia_mystacina	False
Elacatinus_puncticulatus	True
Tigrigobius_saucrus	True
n896	True
Gunnellichthys_monostigma	True
Alticus_saliens	True
Istiblennius_edentulus	True
n919	True
Praealticus_margaritatus	True
n936936	True
n946946	True
Akihito_futuna	False
n959	False
n971971	True
Amblyeleotris_gymnocephala	False
Ctenogobiops_aurocingulus	True
Ctenogobiops_mitodes	True
n975975	True
n976	True
n1717	False
Belligobio_nummifer	False
n59	False
Hybopsis_winchelli	False
Nocomis_asper	False
n93	False
Campostoma_ornatum	False
Cyprinella_lutrensis	False
Cyprinella_proserpina	False
n9898	False
n100	False
Tampichthys_ipni	False
n102	False
Dionda_diaboli	False
n105	False
n106	False
Chrosomus_erythrogaster	False
Tribolodon_nakamurai	False
Lepidomeda_albivallis	False
n117	False
n161161	False
Acrossocheilus_paradoxus	False
n163163	False
n164	False
n167167	False
n168168	False
n174174	False
Placocheilus_cryptonemus	False
n175175	False
n182	False
n185185	False
Labiobarbus_siamensis	False
n207207	False
Pethia_ticto	False
n225	False
Garra_makiensis	False
Pseudocrossocheilus_bamaensis	False
Semilabeo_notabilis	False
n242242	False
Parabotia_lijiangensis	False
n252	False
Cobitis_striata	False
n255	False
Pangio_oblonga	False
Homaloptera_parclitella	False
n256256	False
Labeo_horie	False
Labeo_weeksii	False
n325325	True
n500500	True
n534534	True
Siganus_vulpinus	True
n554554	True
Lutjanus_sebae	False
n571571	True
n576	True
n579579	True
n581	True
n583583	True
n585	True
n588588	True
n590	False
n596596	False
n597597	False
n600600	True
Sparisoma_rubripinne	True
Lampris_guttatus	True
Sparisoma_cretense	True
n603	True
Ostracion_solorensis	True
Auriglobus_nefastus	False
Chonerhinos_naritus	False
Tetraodon_lineatus	False
Tetraodon_pustulatus	False
n613	True
n622622	True
n626	True
Gnathodentex_aureolineatus	True
Uranoscopus_albesca	True
Uranoscopus_scaber	False
Triacanthodes_ethiops	True
Tydemania_navigatoris	True
n632632	True
n653653	True
n655	False
n661661	True
n663663	True
Hippocampus_zosterae	True
n668668	True
Canthigaster_janthinoptera	True
n673673	True
Sufflamen_fraenatum	True
Balistes_polylepis	True
Balistoides_viridescens	True
Mola_mola	False
Ranzania_laevis	True
n702702	False
n740	False
Diplotaxodon_macrops	False
Pallidochromis_tokolosh	False
n745745	False
Coptodon_rendalli	False
n747	False
Stomatepia_pindu	False
Oreochromis_niloticus	False
Steatocranus_casuarius	False
Anableps_anableps	False
Lucania_goodei	False
n760	False
Lates_calcarifer	False
Aphyosemion_bivittatum	False
n774774	False
Anablepsoides_iridescens	False
Anablepsoides_ophiomimus	False
n785785	False
n786	False
Takifugu_porphyreus	False
Torquigener_pleurogramma	False
n814814	True
n816	True
n821	True
Emblemariopsis_signifer	True
n825825	True
Malacoctenus_triangulatus	True
Malacoctenus_gigas	True
Malacoctenus_zonogaster	True
n837837	True
n842	True
n850850	True
n851	True
n863	True
Clinus_venustris	True
n871	False
n880	True
Amblygobius_nocturnus	True
Barbulifer_ceuthoecus	True
n887	True
Cryptocentrus_lutheri	True
n896896	True
n898898	True
n919919	True
Praealticus_tanegasimae	True
n937	True
Cremnochorites_capensis	True
Enneanectes_altivelis	True
Plagiotremus_rhinorhynchos	True
Akihito_vanuatu	False
Stiphodon_rubromaculatus	False
n972	True
Amblyeleotris_yanoi	True
Ctenogobiops_formosa	True
Ctenogobiops_tongaensis	True
Tomiyamichthys_lanceolatus	True
Vanderhorstia_ornatissima	True
n18	False
Hemibarbus_maculatus	False
n5959	False
Macrhybopsis_aestivalis	False
Nocomis_biguttatus	False
Nocomis_raneyi	False
Cyprinella_rutila	False
Cyprinella_xanthicara	False
n100100	False
Tampichthys_erimyzonops	False
Dionda_argentosa	False
Dionda_episcopa	False
n105105	False
Hybognathus_placitus	False
n106106	False
n108	False
Lepidomeda_vittata	False
Margariscus_margarita	False
n162	False
Onychostoma_ovale	False
Chuanchia_labiosa	False
Gymnocypris_eckloni	False
Gymnocypris_waddellii	False
Schizothorax_waltoni	False
Bangana_lemassoni	False
n168	False
n169	False
Paracrossochilus_vittatus	False
Bangana_tonkinensis	False
Mekongina_erythrospila	False
n176	False
n180180	False
Sinocyclocheilus_furcodorsalis	False
Sinocyclocheilus_jiuxuensis	False
n186	False
n187	False
n208	False
Pethia_padamya	False
n225225	False
n226226	False
n243	False
Parabotia_banarescui	False
Cobitis_biwae	False
n252252	False
Chromobotia_macracanthus	False
n255255	False
Syncrossus_beauforti	False
Yasuhikotakia_morleti	False
n326	True
Acantholabrus_palloni	True
n501	True
Champsodon_snyderi	True
n535	True
n549	True
n555	True
n568568	True
n572	True
n575	True
Neomerinthe_hemingwayi	True
n576576	True
n580	True
Embiotoca_jacksoni	True
Eleutheronema_rhadinum	True
n581581	True
n584	True
Stereolepis_gigas	True
Polyprion_americanus	False
Polyprion_oxygeneios	True
n589	True
Epinephelus_tauvina	True
Epinephelus_aeneus	False
n590590	True
Eucinostomus_gula	False
n597	False
Kuhlia_malo	False
Kuhlia_salelea	False
Bodianus_scrofa	True
Scarus_psittacus	True
Ostracion_cubicus	True
Ostracion_whitleyi	True
n613613	False
n620	True
n623	False
n623623	False
Aulostomus_chinensis	True
Erythrocles_monodi	True
n633	True
Hippocampus_bargibanti	True
n654	True
Canthigaster_figueiredoi	True
n655655	False
n658	False
n662	False
Torquigener_flavimaculosus	True
n664	True
n666	True
Canthigaster_jactator	True
Canthigaster_punctatissima	True
Balistes_capriscus	True
Melichthys_indicus	True
n703	False
Otopharynx_brooksi	False
n740740	False
Lethrinops_parvidens	False
Coptodon_bakossiorum	False
Coptodon_snyderae	False
n747747	False
Konia_eisentrauti	False
n760760	False
n767767	False
n775	False
Nothobranchius_orthonotus	False
Austrofundulus_limnaeus	False
Austrofundulus_transilis	False
n786786	False
Pterolebias_longipinnis	False
n815	True
n815815	True
n816816	True
n817817	True
n821821	True
n823	True
n826	True
Dialommus_macrocephalus	True
n838	True
n841841	True
n842842	True
n848848	True
Malacoctenus_hubbsi	True
Paraclinus_integripinnis	True
Malacoctenus_zacae	True
Malacoctenus_zonifer	True
Clinus_spatulatus	True
Clinus_superciliosus	True
n871871	False
n873	False
n880880	False
Microdesmus_longipinnis	True
n887887	True
n889889	True
n897	True
Nes_longus	True
n899	True
n905905	True
n920	True
Praealticus_labrovittatus	True
n937937	True
n945	True
n972972	True
Amblyeleotris_guttata	True
n1818	False
Hemibarbus_labeo	False
n60	False
Notropis_boucardi	False
Tampichthys_catostomops	False
Tampichthys_mandibularis	False
Cyprinella_bocagrande	False
Dionda_serena	False
n107	False
Hybognathus_nuchalis	False
Notropis_imeldae	False
Notropis_moralesi	False
Acrossocheilus_monticola	False
Onychostoma_barbatulum	False
Cirrhinus_molitorella	False
Crossocheilus_nigriloba	False
n169169	False
n172	False
n176176	False
Sinocyclocheilus_rhinocerous	False
n181	False
Sinocyclocheilus_yimenensis	False
n186186	False
Cyclocheilichthys_janthochir	False
n187187	False
n204	False
n208208	False
Pethia_tiantian	False
Garra_congoensis	False
n226	False
Garra_rufa	False
Phreatichthys_andruzzii	False
n243243	False
Parabotia_bimaculata	False
n253	False
n253253	False
Sinibotia_robusta	False
Sinibotia_superciliaris	False
n326326	True
Pseudotriacanthus_strigilifer	True
n501501	True
n529529	True
n535535	False
n540540	True
n549549	True
n553	True
n555555	True
n563563	True
Centrolophus_niger	True
n569	True
n572572	True
Dendrochirus_biocellatus	True
Kali_macrura	True
n575575	True
Scorpaena_elongata	True
n577	False
n580580	True
Lopholatilus_chamaeleonticeps	True
Labrus_bergylta	True
Labrus_mixtus	True
n584584	True
Glaucosoma_hebraicum	True
Cephalopholis_sonnerati	True
n589589	True
n591	True
Epinephelus_guttatus	True
Kuhlia_rupestris	False
Kuhlia_sauvagii	False
n614	False
n619	False
n620620	True
n622	True
Chrysophrys_auratus	False
Chrysophrys_major	True
n624	False
n625	False
n633633	True
n652652	True
Canthigaster_callisterna	True
Canthigaster_rostrata	True
n656	True
n657657	False
n658658	False
n661	False
Torquigener_altipinnis	False
Torquigener_hypselogeneion	False
n664664	True
n665665	True
n666666	True
Hippocampus_reidi	True
n703703	False
n738738	False
n741	False
Dimidiochromis_compressiceps	False
n748	False
Sarotherodon_linnellii	False
n761	False
Xiphophorus_hellerii	False
n768	False
Pelates_quadrilineatus	False
Aphyosemion_louessense	False
Aphyosemion_ogoense	False
n787	False
n790	False
Acanthemblemaria_castroi	True
Acanthemblemaria_chaplini	True
Coralliozetus_angelicus	True
Coralliozetus_boehlkei	True
Acanthemblemaria_greenfieldi	True
n817	True
Coralliozetus_cardonae	True
Coralliozetus_springeri	True
n822	True
Belone_belone	False
n823823	True
Chaenopsis_schmitti	True
n826826	True
Paraclinus_sini	True
n838838	False
Iso_natalensis	True
Risor_ruber	True
Tigrigobius_gemmatus	True
n843	True
n846	True
n849	True
n849849	True
Acentrogobius_pflaumii	False
n872	False
n873873	False
Aruma_histrio	True
n881	False
Microdesmus_carri	False
n888	True
n889	True
n890	True
Stonogobiops_xanthorhinica	True
Amblygobius_phalaena	True
n897897	True
n899899	True
n904	True
n906	True
n909	True
n920920	True
n928928	True
n938	True
n944944	True
Enneanectes_boehlkei	True
n945945	True
n973	True
Amblyeleotris_wheeleri	True
Acheilognathus_typus	False
n19	False
n6060	False
Pteronotropis_hypselopterus	False
Cyprinella_formosa	False
n107107	False
n170	False
n171	False
Ptychidio_jordani	False
Rectoris_posehensis	False
n177	False
Sinocyclocheilus_macrophthalmus	False
n181181	False
Sinocyclocheilus_qiubeiensis	False
Barbichthys_laevis	False
Epalzeorhynchos_bicolor	False
n188	False
n203203	False
n204204	False
Osteochilus_vittatus	False
n209	False
Barbus_fasciolatus	False
Garra_ornata	False
Garra_waterloti	False
n244	False
Leptobotia_pellegrini	False
Cobitis_shikokuensis	False
Cobitis_takatsuensis	False
Misgurnus_anguillicaudatus	False
Misgurnus_nikolskyi	False
n327	True
n476476	True
n502	False
n521521	True
n530	True
n532532	True
n536	False
Pseudaphritis_urvillii	False
n541	True
Syacium_micrurum	True
n550	True
n550550	True
Samaris_cristatus	True
Samariscus_latus	True
n556	True
n562562	True
n564	True
n567567	True
n569569	True
n570570	True
n573	True
Pterois_antennata	True
Pterocaesio_digramma	True
Synagrops_bellus	True
Scorpaena_notata	False
Scorpaena_scrofa	False
Capros_aper	True
Hippoglossoides_platessoides	True
Epigonus_telescopus	True
Phycis_blennoides	False
Niphon_spinosus	True
Trigla_lyra	False
n591591	True
Epinephelus_marginatus	True
n614614	False
Sparus_aurata	False
Diplodus_annularis	False
n619619	False
n621	True
Prionurus_maculatus	True
Prionurus_biafraensis	True
Prionurus_laticlavius	True
n624624	False
Ictalurus_punctatus	False
Dentex_dentex	False
Pagrus_caeruleostictus	False
n634	True
Canthigaster_coronata	True
n653	True
Pelagocephalus_marki	True
n656656	True
Sphoeroides_pachygaster	True
Sphoeroides_dorsalis	True
Sphoeroides_parvus	False
n659	False
n660660	False
Sphoeroides_lobatus	False
Sphoeroides_spengleri	False
n665	True
Hippocampus_hippocampus	False
Stigmatopora_nigra	False
Vanacampus_margaritifer	True
Hippocampus_ingens	True
Kathetostoma_giganteum	True
n704	False
n738	False
n739	False
Otopharynx_heterodon	False
n741741	False
Nimbochromis_fuscotaeniatus	False
n748748	False
Stomatepia_mariae	False
n761761	False
n766766	False
n768768	True
n769769	False
n787787	False
n788788	False
Ophthalmolebias_bokermanni	False
Ophthalmolebias_constanciae	False
Gillellus_uranidea	True
Platygillellus_rubrocinctus	True
n822822	True
Xenomedea_rhodopyga	True
Chaenopsis_alepidota	True
Chaenopsis_limbaughi	True
n827	True
n835	True
n839	False
n840840	False
n843843	True
Ostorhinchus_fasciatus	True
n846846	True
Emblemaria_nivipes	True
Entomacrodus_chiostictus	True
Entomacrodus_nigricans	True
Entomacrodus_niuafoouensis	True
Entomacrodus_striatus	True
n872872	False
Oplopomus_oplopomus	True
n874	False
Caffrogobius_saldanha	False
n881881	False
n883883	False
Arenigobius_bifrenatus	False
n888888	True
Cryptocentrus_albidorsus	True
Cryptocentrus_nigrocellatus	True
n890890	True
Elacatinus_figaro	True
Valenciennea_longipinnis	True
n898	True
n900	True
Nemateleotris_magnifica	True
n904904	True
Trimmatom_eviotops	True
n906906	True
n908908	True
n909909	True
Elacatinus_horsti	True
n921	True
n921921	True
n929	True
n933	True
n938938	True
n939	True
Axoclinus_nigricaudus	True
Enneanectes_carminalis	True
Enneapterygius_abeli	True
n946	True
Amblyeleotris_fasciata	True
Amblyeleotris_steinitzi	True
Tanakia_himantegus	False
Tanakia_limbata	False
n61	False
Orthodon_microlepidotus	False
Phenacobius_catostomus	False
Platygobio_gracilis	False
Discocheilus_wui	False
n170170	False
n171171	False
Discogobio_tetrabarbatus	False
n177177	False
n180	False
Sinocyclocheilus_grahami	False
Sinocyclocheilus_purpureus	False
n188188	False
Labeo_stolizkae	False
Labiobarbus_ocellatus	False
Thynnichthys_thynnoides	False
n205	False
Osteochilus_microcephalus	False
n209209	False
n219219	False
n244244	False
Homaloptera_leonardi	False
n327327	True
n476	True
n477	True
n480	True
n502502	False
n520520	True
n522	True
n524	True
Istiompax_indica	True
n530530	True
n533	True
Tetrapturus_belone	True
n536536	False
Bathylagus_euryops	True
n541541	True
n544544	True
Citharoides_macrolepis	True
Citharus_linguatula	True
n551	True
Pseudorhombus_oligodon	True
n556556	True
n557557	True
n563	True
Gaidropsarus_mediterraneus	False
n564564	True
Merluccius_productus	True
n568	True
Phycis_phycis	False
n570	True
Schedophilus_medusophagus	True
Schedophilus_ovalis	True
Schedophilus_velaini	True
Brotula_barbata	True
n573573	True
n592	True
Mycteroperca_fusca	True
n615	False
n618	False
Pagellus_acarne	True
Pagellus_bogaraveo	False
n621621	True
Dentex_macrophthalmus	True
Dentex_canariensis	True
Dentex_gibbosus	False
n634634	True
Monacanthus_ciliatus	True
Canthigaster_rivulata	True
Canthigaster_smithae	True
n657	True
Priacanthus_hamrur	True
Oxymonacanthus_longirostris	True
n659659	False
Sphoeroides_maculatus	False
Sphoeroides_nephelus	False
Hippocampus_erectus	True
Hippocampus_patagonicus	True
n704704	False
n733	False
Cynotilapia_afra	False
Maylandia_zebra	False
n739739	False
Placidochromis_milomo	False
Copadichromis_borleyi	False
Protomelas_similis	False
n749	False
Myaka_myaka	False
n762	False
Poecilia_caucana	False
Poecilia_parae	False
n767	False
Exyrias_belissimus	True
n769	True
n770	False
Lucifuga_subterranea	False
n788	False
Austrolebias_alexandri	False
n789	False
Hypsolebias_magnificus	False
Acanthemblemaria_betinensis	True
Starksia_galapagensis	True
Acanthemblemaria_exilispinus	True
n827827	True
n835835	True
Malacoctenus_tetranemus	True
n839839	False
n840	False
n841	False
Menidia_menidia	False
n844	True
Emblemaria_piratica	True
n847	True
n847847	True
Gobiosoma_bosc	False
Jenynsia_onca	False
n874874	False
Ophiogobius_jenynsi	False
n882	False
Gobius_niger	False
n884	False
n885	False
Cryptocentrus_leptocephalus	True
Psammogobius_biocellatus	False
n891	True
n891891	True
Valenciennea_puellaris	True
Valenciennea_strigata	True
n900900	True
n903	True
Priolepis_cincta	False
n905	True
n907	True
Elacatinus_genie	True
Elacatinus_illecebrosus	True
Elacatinus_randalli	True
n910	True
n910910	True
Blenniella_chrysospilos	True
Blenniella_cyanostigma	True
n922	True
n928	False
n929929	True
Microlipophrys_caboverdensis	True
Microlipophrys_bauchotae	True
Microlipophrys_canevae	True
Axoclinus_lucillae	True
Axoclinus_storeyae	True
n939939	True
n944	True
Enneapterygius_gruschkai	True
Enneapterygius_tutuilae	True
n6161	False
Mylopharodon_conocephalus	False
Discogobio_yunnanensis	False
Discolabeo_wuluoheensis	False
Discogobio_brachyphysallidos	False
Discogobio_macrophysallidos	False
n178	False
n178178	False
Sinocyclocheilus_jii	False
Sinocyclocheilus_tingi	False
n189	False
Rasbora_trilineata	False
Osteochilus_lini	False
n205205	False
n210	False
Pethia_phutunio	False
Pethia_conchonius	False
n220	False
n245	False
Tuberoschistura_baenzigeri	False
n328	True
n472472	True
Lagocephalus_lunaris	False
Triacanthus_nieuhofii	True
n477477	True
n478478	True
n480480	True
n499499	True
n503	False
Lactarius_lactarius	False
n521	True
Sphyraena_viridensis	True
n522522	True
Ceratias_holboelli	True
n524524	True
Seriola_fasciata	True
n531	True
Kajikia_albida	True
n533533	True
Tetrapturus_georgii	True
n537	False
n540	False
n542	True
n543543	True
Lepidoblepharon_ophthalmolepis	True
n545	True
n551551	True
n552552	True
Brosme_brosme	True
n557	True
n558	True
Pollachius_pollachius	True
Ciliata_septentrionalis	True
Enchelyopus_cimbrius	True
n565	True
n565565	True
Mora_moro	True
Pseudophycis_bachus	True
Psenopsis_anomala	True
Seriolella_brama	True
n574	True
n574574	True
Epinephelus_costae	True
Mycteroperca_rubra	True
n615615	True
n617617	False
n618618	False
Spicara_smaris	False
Dentex_angolensis	True
Dentex_maroccanus	True
n635	True
n651651	True
Heteropriacanthus_cruentatus	True
Priacanthus_arenatus	True
n660	False
Sphoeroides_testudineus	False
n705	False
n731731	False
n733733	False
n737737	False
Aulonocara_stuartgranti	False
Sciaenochromis_fryeri	False
n749749	False
Sarotherodon_steinbachi	False
n762762	False
n763763	False
Poecilia_reticulata	False
Poecilia_wingei	False
Istigobius_decoratus	True
Istigobius_rigilius	True
Lucifuga_dentata	False
Lucifuga_simile	False
Austrolebias_adloffi	False
Austrolebias_bellottii	False
n789789	False
Hypsolebias_flavicaudatus	False
Cirriemblemaria_lucasana	True
n828	True
Labrisomus_nuchipinnis	True
Malacoctenus_ebisui	True
Atherina_boyeri	False
Atherina_breviceps	False
Atherina_hepsetus	False
Atherina_presbyter	False
Bedotia_geayi	False
Melanotaenia_lacustris	False
n844844	True
Emblemaria_hypacanthus	True
Ecsenius_midas	True
Ecsenius_opsifrontalis	True
n848	True
Labrisomus_haitiensis	True
n875	False
Gobiosoma_chiquita	False
n882882	False
Benthophilus_magistri	False
n884884	True
Bathygobius_soporator	False
Kraemeria_bryani	True
Kraemeria_cunicularia	False
Callogobius_bifasciatus	True
Callogobius_sclateri	True
Lythrypnus_dalli	True
Lythrypnus_zebra	True
Asterropteryx_ensifera	False
n901	True
n903903	True
Ptereleotris_zebra	True
Priolepis_eugenius	True
Priolepis_hipoliti	True
Elacatinus_atronasus	True
n907907	True
Elacatinus_chancei	True
Elacatinus_louisae	True
Elacatinus_lori	True
Elacatinus_xanthiprora	True
n922922	True
Scartella_emarginata	True
Parablennius_gattorugine	True
Salaria_fluviatilis	False
n930	True
Microlipophrys_velifer	True
Forsterygion_lapillum	True
n940	True
Helcogramma_ellioti	True
Helcogramma_fuscopinna	True
n62	False
n89	False
Sinocyclocheilus_anophthalmus	False
Sinocyclocheilus_xunlensis	False
n179	False
n179179	False
n189189	False
Brevibora_dorsiocellata	False
Osteochilus_salsburyi	False
Osteochilus_waandersii	False
n210210	False
n218218	False
Spinibarbus_hollandi	False
Spinibarbus_sinensis	False
n245245	False
Ellopostoma_mystax	False
n328328	True
Aeoliscus_strigatus	True
n473	True
Arothron_hispidus	False
n478	True
Lactophrys_trigonus	True
Callionymus_lyra	True
n479	True
n481	True
Fistularia_petimba	True
n500	True
Pomacanthus_maculosus	True
n503503	False
Mene_maculata	True
Selene_dorsalis	False
Sphyraena_guachancho	True
Amblycirrhitus_bimacula	True
n523	True
n525	True
n529	True
n531531	True
Kajikia_audax	True
Tetrapturus_angustirostris	True
Tetrapturus_pfluegeri	True
n537537	False
n539539	False
Percopsis_omiscomaycus	False
Percopsis_transmontana	False
n542542	True
Bothus_podas	True
Brachypleura_novaezeelandiae	True
n544	True
n545545	True
n548	True
Eopsetta_jordani	True
n552	True
Hippoglossus_hippoglossus	True
Hippoglossus_stenolepis	True
Molva_dypterygia	False
Molva_molva	True
n558558	True
Merlangius_merlangus	False
Merluccius_australis	True
Merluccius_hubbsi	True
n566	True
Merluccius_merluccius	False
Cataetyx_laticeps	True
Lamprogrammus_shcherbachevi	True
Echiodon_cryomargarites	True
Neobythites_sivicola	True
n616	False
Sarpa_salpa	True
Diplodus_vulgaris	True
Spondyliosoma_cantharus	False
Boops_boops	False
Spicara_maena	True
n635635	True
Xanthichthys_lineopunctatus	True
n652	True
Pervagor_janthinosoma	True
Sphoeroides_annulatus	False
Sphoeroides_lispus	True
n705705	False
n729	False
n732	False
Xenotilapia_flavipinnis	False
n734	False
n734734	False
Labeotropheus_fuelleborni	False
Labeotropheus_trewavasae	False
n750	False
Sarotherodon_galilaeus	False
n763	False
Poecilia_latipunctata	False
n764	False
Poecilia_vivipara	False
Hypsolebias_flammeus	False
Nematolebias_whitei	False
n828828	True
n833833	True
n845	True
n845845	True
Ecsenius_nalolo	True
Ecsenius_pardus	True
n875875	False
n879879	False
Babka_gymnotrachelus	False
n883	False
Bathygobius_cocosensis	True
Bathygobius_curacao	True
Bryaninops_yongei	True
n901901	True
Ptereleotris_microlepis	True
Ptereleotris_monoptera	True
n908	True
Elacatinus_prochilos	True
n923	True
Scartella_cristata	True
n930930	True
n931	True
n940940	True
n943943	True
n6262	False
n7474	False
Hemitremia_flammea	False
Pseudaspius_leptocephalus	False
Sinocyclocheilus_macrolepis	False
Sinocyclocheilus_microphthalmus	False
Sinocyclocheilus_maculatus	False
Sinocyclocheilus_yangzongensis	False
n190	False
n200200	False
n211	False
n218	False
n219	False
Pethia_shalynius	False
n246	False
n251	False
n329	False
n361	True
n473473	True
Arothron_mappa	True
Acanthostracion_polygonius	True
Acanthostracion_quadricornis	True
n479479	True
Lagocephalus_wheeleri	True
n481481	True
n497497	True
Antigonia_capros	True
Holacanthus_ciliaris	True
n504	True
Caranx_crysos	False
n523523	True
Paracirrhites_forsteri	True
n525525	True
Seriola_dumerili	True
Seriola_carpenteri	True
Seriola_rivoliana	True
n532	True
Makaira_nigricans	True
n538	False
Aphredoderus_sayanus	False
Forbesichthys_agassizii	False
Forbesichthys_papilliferus	False
n543	True
Chascanopsetta_lugubris	True
Poecilopsetta_beanii	True
Poecilopsetta_plinthus	True
n546	True
n546546	True
Microchirus_azevia	True
n548548	True
Glyptocephalus_cynoglossus	True
Microstomus_kitt	True
n559	False
Pollachius_virens	True
Merluccius_capensis	True
n566566	True
n616616	False
Diplodus_puntazzo	False
n636	True
Xanthichthys_ringens	True
Monacanthus_chinensis	False
Paraluteres_prionurus	True
n706	False
n728728	False
n729729	False
Bathybates_fasciatus	False
n732732	False
Xenotilapia_boulengeri	False
Astatotilapia_burtoni	False
Melanochromis_auratus	False
n735	False
n735735	False
n750750	False
Sarotherodon_caroli	False
Cnesterodon_decemmaculatus	False
Cnesterodon_hypselurus	False
Limia_heterandria	False
n764764	False
n829	True
Labrisomus_xanti	True
n834	True
n834834	True
Cynoglossus_browni	True
Cynoglossus_senegalensis	False
Emblemaria_diphyodontis	True
Emblemaria_pandionis	True
n876	False
Microgobius_microlepis	False
Favonigobius_melanobranchus	True
Favonigobius_reichei	False
Mesogobius_batrachocephalus	False
Proterorhinus_semilunaris	False
Eviota_afelei	True
n902	True
Elacatinus_evelynae	True
Elacatinus_oceanops	True
n923923	True
n927927	True
Coryphoblennius_galerita	False
Lipophrys_pholis	True
Lipophrys_trigloides	False
n931931	True
n941	True
n943	True
Ruanoho_whero	True
Tripterygion_delaisi	True
n63	False
Moapa_coriacea	False
n75	False
n8888	False
n190190	False
Rasbora_elegans	False
n201	False
n203	False
n211211	False
Barbus_leonensis	False
Pethia_erythromycter	False
Pethia_gelius	False
Pethia_nigrofasciata	False
Pethia_stoliczkana	False
n246246	False
n250	False
Schistura_balteata	False
Schistura_savona	False
n329329	False
n360360	False
n361361	True
n472	True
n474	True
n474474	True
Lagocephalus_guentheri	True
Lagocephalus_laevigatus	False
n482	True
n497	True
Naso_brevirostris	True
n498	True
n504504	True
n520	True
Cirrhitus_pinnulatus	True
Paracirrhites_hemistictus	True
n526	True
n527	True
Istiophorus_platypterus	True
Xiphias_gladius	True
n538538	False
Chologaster_cornuta	False
Arnoglossus_imperialis	True
Arnoglossus_laterna	True
Lepidorhombus_boscii	True
Lepidorhombus_whiffiagonis	True
n547	True
Microchirus_variegatus	True
Paraplagusia_japonica	True
Symphurus_orientalis	True
n559559	False
Gadus_ogac	False
n567	True
Merluccius_senegalensis	True
Acanthopagrus_berda	False
n617	False
n636636	True
Xanthichthys_mento	True
n706706	False
n718	False
Xenotilapia_caudafasciata	False
Xenotilapia_nigrolabiata	False
n730	False
n730730	False
Grammatotria_lemairii	False
Xenotilapia_sima	False
Aulonocara_baenschi	False
Labidochromis_caeruleus	False
n736	False
n737	False
n751	False
Stomatepia_mongo	False
n765	False
Pamphorichthys_hasemani	False
n829829	True
Paraclinus_mexicanus	True
Starksia_grammilaga	True
Starksia_posthon	True
Starksia_ocellata	True
Starksia_spinipenis	True
n876876	False
Favonigobius_exquisitus	False
Gobiodon_histrio	True
n902902	True
n924	True
n925	False
Parablennius_marmoreus	True
Parablennius_pilicornis	True
Microlipophrys_dalmatinus	True
n932	True
n941941	True
Hypsoblennius_hentz	True
Hypsoblennius_caulopus	True
Hypsoblennius_gentilis	False
n6363	False
n6565	False
n7575	False
Ptychocheilus_lucius	False
Hesperoleucus_symmetricus	False
Lavinia_exilicauda	False
n191	False
n199199	False
n201201	False
Rasbora_tubbi	False
Trigonostigma_hengeli	False
Trigonostigma_heteromorpha	False
n212	False
n214214	False
n247	False
Lefua_costata	False
n250250	False
Traccatichthys_pulcher	False
n330	False
n356	False
Protogobius_attiti	False
Rhyacichthys_guilberti	False
n362	True
n471471	True
Opsanus_pardus	True
Synanceia_verrucosa	True
Antennarius_striatus	True
Arothron_diadematus	True
n475	True
Arothron_meleagris	True
n482482	True
Pampus_argenteus	True
Acanthurus_triostegus	True
Paracanthurus_hepatus	True
n498498	True
Naso_lituratus	True
n505	True
n511511	False
Gnathanodon_speciosus	True
Parastromateus_niger	False
Echiichthys_vipera	True
n526526	True
Selar_crumenophthalmus	True
n527527	True
n539	False
Typhlichthys_subterraneus	False
Mancopsetta_maculata	True
n547547	False
n560	True
Gadus_morhua	False
Merluccius_paradoxus	True
Merluccius_polli	True
Acanthopagrus_butcheri	False
Oblada_melanura	False
n637	True
Xanthichthys_auromarginatus	True
n707	False
Neolamprologus_ventralis	False
n718718	False
Plecodus_elaviae	False
Baileychromis_centropomoides	False
Boulengerochromis_microlepis	False
n731	False
Limnochromis_staneri	False
n736736	False
Haplochromis_fischeri	False
Haplochromis_nyererei	False
Haplochromis_pyrrhocephalus	False
n751751	False
Sarotherodon_lohbergeri	False
n765765	False
Pamphorichthys_hollandi	False
Labrisomus_nigricinctus	True
n830	True
Afurcagobius_tamarensis	False
n877	False
Gobiodon_quinquestrigatus	True
Paragobiodon_modestus	True
n924924	True
Parablennius_rouxi	True
n925925	False
Parablennius_tentacularis	False
n932932	True
Salaria_pavo	False
n942	True
Hypsoblennius_jenkinsi	True
Abramis_brama	False
n64	False
n6666	False
Rutilus_rutilus	False
n76	False
n86	False
n191191	False
n197	False
n200	False
Rasbosoma_spilocerca	False
n202	False
Rasbora_dusonensis	False
n212212	False
Haludaria_fasciata	False
n215	False
Oreichthys_cosuatis	False
n247247	False
n248248	False
Lefua_echigonia	False
Oreonectes_platycephalus	False
n330330	False
Tahuantinsuyoa_macantzatza	False
n356356	False
n359	False
n362362	True
n421421	True
Nerophis_lumbriciformis	True
Syngnathus_acus	False
Arothron_immaculatus	False
n475475	True
n483	True
n494	True
Naso_elegans	True
n499	True
n505505	True
Chloroscombrus_chrysurus	False
n512	False
n518518	True
Trachinus_draco	True
Trachinus_radiatus	True
Trachurus_mediterraneus	False
n528	True
Amblyopsis_spelaea	False
Speoplatyrhinus_poulsoni	False
Platichthys_flesus	False
Pleuronectes_platessa	False
n560560	True
Melanogrammus_aeglefinus	True
n637637	True
n650	True
n707707	False
n717	False
n719	False
n724	False
Gnathochromis_permaxillaris	False
Hemibates_stenosoma	False
Haplochromis_degeni	False
Haplochromis_riponianus	False
Konia_dikume	False
Pungu_maclareni	False
n766	False
Pamphorichthys_scalpridens	False
n830830	True
Malacoctenus_boehlkei	True
n877877	False
Pomatoschistus_pictus	True
Hypleurochilus_aequipinnis	True
Hypleurochilus_fissicornis	True
n926	False
Parablennius_zvonimiri	False
Parablennius_parvicornis	True
Parablennius_sanguinolentus	True
n942942	True
Scartella_caboverdiana	True
n6464	False
Squalius_torgalensis	False
n67	False
Squalius_cephalus	False
n7676	False
Relictus_solitarius	False
n8686	False
Ptychocheilus_oregonensis	False
n192	False
Rasbora_bankanensis	False
n197197	False
Rasbora_meinkeni	False
Rasbora_aurotaenia	False
Rasbora_borapetensis	False
Rasbora_argyrotaenia	False
n202202	False
Barbus_callipterus	False
n213	False
n215215	False
n216216	False
n248	False
Formosania_fascicauda	False
Pseudogastromyzon_cheni	False
n249	False
n331	False
Callionymus_schaapii	True
n357	False
Ophiocara_porocephala	False
n359359	False
n360	False
n363	True
Aurigequula_fasciata	False
n422	True
Trachinotus_ovatus	False
Arothron_manilensis	False
Arothron_nigropunctatus	True
n483483	True
n493493	True
n494494	True
n496	True
Naso_unicornis	True
Naso_vlamingii	True
n506	True
Rachycentron_canadum	True
n512512	False
Sphyraena_barracuda	False
n519	True
Coryphaena_hippurus	True
Trachurus_murphyi	True
n528528	True
n561	True
n561561	True
n638	True
n649649	True
n650650	True
n651	True
n708	False
Neolamprologus_obscurus	False
Neolamprologus_buescheri	False
n717717	False
n719719	False
n723	False
n724724	False
Greenwoodochromis_bellcrossi	False
Pamphorichthys_araguaiensis	False
Pamphorichthys_minor	False
n831	True
n831831	True
n878	False
n878878	False
n926926	False
Parablennius_yatabei	True
Hypsoblennius_brevipinnis	True
Hypsoblennius_gilberti	True
n65	False
Squalius_aradensis	False
n6767	False
n7373	False
n7777	False
Gila_seminuda	False
n87	False
n8787	False
n192192	False
Rasbora_einthovenii	False
n198	False
Rasbora_vulgaris	False
Rasbora_jacobsoni	False
Rasbora_sumatrana	False
n213213	False
Puntius_sophore	False
n216	False
Systomus_orphoides	False
Dawkinsia_assimilis	False
n217	False
Beaufortia_szechuanensis	False
Vanmanenia_pingchowensis	False
Pseudogastromyzon_fangi	False
n249249	False
n331331	False
n351351	False
n357357	False
Carinotetraodon_salivator	False
Pentanemus_quinquarius	False
Polydactylus_sextarius	False
Toxotes_chatareus	False
Toxotes_jaculatrix	False
n363363	True
n421	True
n422422	True
n470470	True
n484	True
n493	True
Acanthurus_lineatus	True
Acanthurus_mata	True
Acanthurus_bahianus	True
n495	True
Acanthurus_monroviae	True
n496496	True
n506506	True
n509509	True
n513	False
Sphyraena_argentea	True
Coryphaena_equiselis	True
n519519	False
Trachurus_picturatus	True
Trachurus_trachurus	False
Gadiculus_argenteus	True
Micromesistius_poutassou	True
Trisopterus_esmarkii	True
n562	True
n638638	True
Pseudobalistes_flavimarginatus	False
Canthidermis_maculata	True
Rhinecanthus_lunula	True
Rhinecanthus_aculeatus	True
Rhinecanthus_assasi	True
Rhinecanthus_rectangulus	True
Rhinecanthus_verrucosus	True
n708708	False
n715715	False
Neolamprologus_leleupi	False
Neolamprologus_variostigma	False
n720	False
n721721	False
Haplotaxodon_microlepis	False
n723723	False
n725	False
Limnochromis_abeelei	False
Lucayablennius_zingaro	True
Stathmonotus_stahli	True
n832	True
Starksia_atlantica	True
Economidichthys_pygmaeus	False
Knipowitschia_milleri	False
n879	False
Pomatoschistus_microps	False
n927	False
Parablennius_tasmanianus	False
Notemigonus_crysoleucas	False
Squalius_carolitertii	False
n68	False
Phoxinellus_dalmaticus	False
n74	False
Telestes_fontinalis	False
n78	False
Gila_cypha	False
Gila_nigra	False
Gila_purpurea	False
Ptychocheilus_umpquae	False
Siphateles_bicolor	False
n193	False
n196	False
Rasbora_hobelmani	False
n198198	False
Puntius_bimaculatus	False
n214	False
Dawkinsia_arulius	False
Hampala_macrolepidota	False
n217217	False
Dawkinsia_tambraparniei	False
Sewellia_lineolata	False
Vanmanenia_caldwelli	False
n332	False
n351	False
n352	False
n355	False
n358	False
Carinotetraodon_irrubesco	False
n364	True
n378378	True
Aporops_bilinearis	True
Liopropoma_lunulatum	True
n423	True
n468468	True
Arripis_trutta	False
n471	True
n484484	True
Acanthurus_nigricans	True
Acanthurus_blochii	True
Acanthurus_xanthopterus	True
Acanthurus_chirurgus	True
n495495	True
Acanthurus_olivaceus	True
Acanthurus_tennentii	True
n507	True
n507507	True
n510	False
Parapristipoma_octolineatum	True
n513513	False
n514514	False
Diplodus_sargus_cadenati	False
Lithognathus_mormyrus	False
Trisopterus_luscus	False
Trisopterus_minutus	True
n639	True
Sufflamen_chrysopterum	True
n709	False
n711711	False
n716	False
Trematocara_macrostoma	False
n720720	False
Trematocara_unimaculatum	False
n722	False
Plecodus_paradoxus	False
Haplotaxodon_trifasciatus	False
Perissodus_microlepis	False
Cyphotilapia_frontosa	False
n725725	False
n832832	True
Starksia_fasciata	True
Pomatoschistus_lozanoi	False
Pomatoschistus_minutus	False
Parablennius_cornutus	True
Parablennius_intermedius	False
n6868	False
n6969	False
Phoxinellus_alepidotus	False
Telestes_croaticus	False
n7878	False
Siphateles_boraxobius	False
Boraras_brigittae	False
n193193	False
Rasbora_cephalotaenia	False
n196196	False
n199	False
Rasbora_steineri	False
Puntius_titteya	False
Puntius_vittatus	False
Dawkinsia_filamentosa	False
Puntius_chalakkudiensis	False
n332332	False
n350350	False
Dicentrarchus_labrax	False
Dicentrarchus_punctatus	False
n352352	False
n354	False
Etheostoma_rufilineatum	False
n355355	False
n358358	False
Trinectes_maculatus	False
n364364	True
n376376	True
n379	True
Melamphaes_suborbitalis	True
n423423	True
n425425	False
Diodon_holocanthus	True
n469	True
Diodon_hystrix	True
Diodon_liturosus	True
n485	True
n488	True
Acanthurus_coeruleus	True
Ctenochaetus_striatus	True
Acreichthys_tomentosus	True
Rudarius_ercodes	True
Chaetodon_semilarvatus	True
n508	True
Gerres_cinereus	False
n510510	False
n514	False
Kuhlia_marginata	False
n515	False
n517517	True
n639639	True
Balistes_vetula	True
n709709	False
n711	False
n712	False
n712712	False
n716716	False
Telmatochromis_temporalis	False
Benthochromis_horii	False
n721	False
n722722	False
Plecodus_straeleni	False
n726	False
n727727	False
n833	True
Starksia_nanodes	True
n69	False
Pelecus_cultratus	False
n70	False
Scardinius_erythrophthalmus	False
n79	False
Gila_pulchra	False
n194	False
Boraras_merah	False
Rasbora_kalochroma	False
Rasbora_kottelati	False
Rasbora_paviana	False
Rasbora_rubrodorsalis	False
n333	False
n348348	False
Coreoperca_kawamebari	False
Morone_saxatilis	False
n353	False
Monopterus_albus	False
Howella_brodiei	True
n354354	False
Gymnocephalus_cernua	False
Perca_fluviatilis	False
Bostockia_porosa	False
Gadopsis_marmoratus	False
n365	True
n376	True
n377	True
Pterycombus_brama	True
n379379	True
n420420	True
n424	True
n424424	True
n426	False
n438	False
Pagellus_bellottii	True
n469469	True
n485485	True
Acanthurus_nigricauda	True
Acanthurus_guttatus	True
n488488	True
n508508	True
n509	True
Odax_pullus	True
n511	False
Aplodactylus_punctatus	True
Kuhlia_munda	False
Kuhlia_caudavittata	False
n515515	False
Kuhlia_mugil	False
n518	True
n640	True
Odonus_niger	True
n710	False
Lamprologus_lemairii	False
Lepidiolamprologus_kendalli	False
Lepidiolamprologus_mimicus	False
Chalinochromis_brichardi	False
Neolamprologus_brichardi	False
n713	False
Julidochromis_marlieri	False
Neolamprologus_sexfasciatus	False
Neolamprologus_tetracanthus	False
Benthochromis_melanoides	False
Benthochromis_tricoti	False
Plecodus_multidentatus	False
Xenochromis_hecqui	False
n726726	False
Paracyprichromis_brieni	False
n728	False
Cyprichromis_microlepidotus	False
Paraclinus_marmoratus	True
Starksia_lepicoelia	True
Alburnus_alburnus	False
Squalius_pyrenaicus	False
n7070	False
n73	False
n7979	False
Gila_ditaenia	False
n194194	False
n195	False
n333333	False
Enneacanthus_obesus	False
Elassoma_alabamae	False
n349	False
Channa_striata	False
n353353	False
Parambassis_ranga	False
Parambassis_wolffii	False
Acanthocybium_solandri	True
n365365	True
Brama_brama	True
Taractichthys_longipinnis	True
Cubiceps_gracilis	True
n377377	True
n380	True
n418418	True
Ammodytes_tobianus	True
Hyperoplus_lanceolatus	True
Allomycterus_pilatus	True
Diodon_nicthemerus	True
Chilomycterus_antennatus	True
n425	True
n426426	False
n432432	False
n438438	False
Scorpaenodes_guamensis	False
Pagellus_erythrinus	False
n470	True
n486	True
Acanthurus_auranticavus	True
n489	True
Zebrasoma_desjardinii	True
Microcanthus_strigatus	True
Trixiphichthys_weberi	True
Nemadactylus_macropterus	True
Nemadactylus_monodactylus	True
Scatophagus_argus	False
Selenotoca_multifasciata	False
n516	False
n516516	True
Kuhlia_nutabunda	True
Kuhlia_petiti	True
n640640	True
n647	True
n710710	False
Lamprologus_ocellatus	False
n713713	False
Lepidiolamprologus_attenuatus	False
n727	False
Cyprichromis_pavo	False
Cyprichromis_leptosoma	False
Paracyprichromis_nigripinnis	False
n71	False
Pelasgus_prespensis	False
Telestes_metohiensis	False
Telestes_souffia	False
n80	False
Gila_elegans	False
Boraras_maculatus	False
Boraras_urophthalmoides	False
n195195	False
Trigonopoma_pauciperforatum	False
n334	False
Ambloplites_constellatus	False
n349349	False
Elassoma_evergladei	False
Indostomus_paradoxus	False
Mastacembelus_erythrotaenia	False
n366	True
n372372	True
n378	True
Ruvettus_pretiosus	True
n380380	True
n409409	True
n419	True
n419419	True
Chilomycterus_antillarum	True
Chilomycterus_schoepfii	True
n427	False
n432	False
n433	False
n435	False
n439	True
n464	False
Pagrus_auriga	True
Pagrus_pagrus	False
n486486	True
Zebrasoma_velifer	True
n489489	True
Zebrasoma_scopas	True
Kuhlia_sandvicensis	False
Kuhlia_xenura	False
n517	True
Zeugopterus_punctatus	True
n641	True
Pseudobalistes_naufragium	True
n647647	True
Sufflamen_bursa	True
Altolamprologus_calvus	False
Altolamprologus_compressiceps	False
n714	False
Lepidiolamprologus_profundicola	False
Cyprichromis_coloratus	False
Cyprichromis_zonatus	False
n7171	False
Delminichthys_ghetaldii	False
n8080	False
n85	False
Kottelatia_brittani	False
Trigonopoma_gracile	False
n334334	False
Ambloplites_cavifrons	False
n350	False
Elassoma_gilberti	False
n366366	True
n370	True
n373	True
n375	True
Gempylus_serpens	True
Paradiplospinus_antarcticus	True
n381	True
n409	True
n410	True
n417417	True
Benthosema_pterotum	True
Electrona_antarctica	True
n420	True
Stenobrachius_leucopsarus	True
n427427	False
Mugil_cephalus	False
Chelon_labrosus	False
Liza_aurata	False
Buglossidium_luteum	False
n433433	False
n435435	False
n437437	True
n439439	False
n444	True
n464464	False
Pseudocaranx_dentex	False
n487	True
Acanthurus_bariene	True
n490	True
Acanthurus_nigrofuscus	True
Scophthalmus_maximus	False
Scophthalmus_rhombus	True
n641641	True
Sufflamen_verres	True
n648	True
Balistoides_conspicillum	True
n714714	False
Lepidiolamprologus_elongatus	False
n72	False
Delminichthys_jadovensis	False
n81	False
Gila_eremica	False
n8585	False
Gila_nigrescens	False
n335	False
Ambloplites_rupestris	False
Elassoma_boehlkei	False
Elassoma_zonatum	False
n367	False
Scomber_scombrus	True
n370370	True
n371371	True
n373373	True
Thunnus_alalunga	True
n375375	True
Thunnus_orientalis	True
n381381	True
n406406	True
Notothenia_coriiceps	True
Notothenia_neglecta	True
n410410	True
Yarrella_blackfordi	True
Bonapartia_pedaliota	True
n418	True
Diaphus_metopoclampus	True
Diaphus_watasei	True
n428	False
Moolgarda_cunnesius	False
n434	True
n434434	False
n436	False
Solea_solea	False
Pegusa_cadenati	True
Pegusa_lascaris	False
n440	False
n441441	False
n444444	True
n463	True
n465	True
n465465	False
n487487	True
Acanthurus_leucosternon	True
Acanthurus_leucocheilus	True
n490490	True
n642	True
Balistapus_undulatus	True
n648648	True
Pseudobalistes_fuscus	True
n715	False
Julidochromis_ornatus	False
n7272	False
Delminichthys_krbavensis	False
Acrocheilus_alutaceus	False
n8181	False
Gila_atraria	False
Siphateles_alvordensis	False
n335335	False
Ambloplites_ariommus	False
n367367	False
Sarda_sarda	False
Gasterochisma_melampus	True
n371	True
n372	True
Scomberomorus_maculatus	True
n374	True
n374374	True
Thunnus_albacares	True
Thunnus_atlanticus	True
n382	True
Pleuragramma_antarctica	True
n407	True
n408	True
n411	True
n416416	True
Polyipnus_asteroides	True
Polyipnus_stereope	True
n428428	False
Menticirrhus_americanus	False
Limanda_limanda	True
Xystreurys_liolepis	True
Paralichthys_dentatus	True
Paralichthys_olivaceus	False
n436436	False
n437	False
n440440	True
Scorpaena_porcus	False
n442	False
Scorpaena_onaria	True
n445	True
n449	True
n463463	True
Sebastolobus_altivelis	True
Callionymus_maculatus	True
Callionymus_reticulatus	False
n466	True
n466466	False
Acanthurus_achilles	True
Acanthurus_japonicus	True
n491	True
Acanthurus_thompsoni	True
n642642	True
n645	True
n649	True
Sufflamen_albicaudatum	True
Julidochromis_dickfeldi	False
Telmatochromis_dhonti	False
Delminichthys_adspersus	False
Phoxinellus_pseudalepidotus	False
n82	False
Gila_robusta	False
n336	False
n347	False
n368	True
n369369	False
Scomberomorus_cavalla	True
Scomberomorus_commerson	True
Scomberomorus_brasiliensis	True
Scomberomorus_regalis	True
Euthynnus_alletteratus	False
Thunnus_thynnus	True
Katsuwonus_pelamis	True
Thunnus_obesus	True
n382382	True
n401	True
n407407	True
Lepidonotothen_squamifrons	True
n408408	True
Patagonotothen_tessellata	True
n411411	True
Pollichthys_mauli	True
n417	True
Sigmops_bathyphilus	True
n429	False
n431	False
Dicologlossa_cuneata	False
Synapturichthys_kleinii	False
Solea_aegyptiaca	False
Solea_senegalensis	True
Bovichtus_variegatus	True
n441	True
n442442	False
Scorpaena_maderensis	False
n445445	True
Sebastes_ciliatus	True
n449449	True
n456456	True
Pontinus_kuhlii	True
Pontinus_longispinis	True
Liparis_fabricii	True
Liparis_montagui	True
n467	True
Serranus_scriba	False
n491491	True
Zebrasoma_flavescens	True
n643	True
Aluterus_scriptus	True
n645645	True
n646646	True
Balistes_punctatus	True
Melichthys_niger	True
n8282	False
Gila_minacae	False
n336336	False
n346346	False
n347347	False
Enneacanthus_gloriosus	False
Aphanopus_carbo	True
n368368	False
Scomber_colias	False
Scomber_japonicus	True
n383	True
n393393	True
n401401	True
n406	True
Gobionotothen_acuta	True
Gobionotothen_gibberifrons	True
Patagonotothen_guntheri	True
Patagonotothen_ramsayi	True
n412	True
n416	True
Bathophilus_pawneei	True
Bathophilus_vaillanti	True
n429429	False
n430430	False
Pseudotolithus_senegalensis	False
n431431	False
Cottoperca_gobio	True
Eleginops_maclovinus	False
n443	True
Scorpaenopsis_possi	True
n446	True
Sebastes_alutus	True
n450	True
Sebastes_entomelas	True
n457	True
n459	True
n467467	True
n468	True
Acanthurus_pyroferus	True
n492	True
n643643	True
Aluterus_monoceros	True
Cantherhines_pardalis	True
n646	True
Pseudomonacanthus_macrurus	True
Pseudomonacanthus_peroni	True
Gila_brevicauda	False
n83	False
n337	False
n343343	False
Archoplites_interruptus	False
Pomoxis_nigromaculatus	False
n348	False
Enneacanthus_chaetodon	False
n369	False
Trichiurus_lepturus	False
n383383	True
n390390	True
n394	True
Neopagetopsis_ionah	True
n402	True
n402402	True
Notothenia_angustata	True
Paranotothenia_magellanica	True
n412412	True
Idiacanthus_antrostomus	True
Astronesthes_macropogon	True
Stomias_atriventer	True
Argyrosomus_regius	False
n430	False
Cynoscion_regalis	False
Umbrina_canariensis	True
Pseudotolithus_senegallus	False
Pseudotolithus_typus	False
n443443	True
Scorpaenopsis_macrochir	False
n446446	True
Sebastes_viviparus	True
n450450	True
n455	True
n457457	True
Sebastes_elongatus	True
n459459	True
Sebastes_constellatus	True
Serranus_accraensis	True
Serranus_cabrilla	True
Serranus_atricauda	True
Serranus_hepatus	True
Ctenochaetus_binotatus	True
n492492	True
n644	True
n644644	True
Cantherhines_pullus	True
Melichthys_vidua	True
n8383	False
Gila_pandora	False
n337337	False
Micropterus_treculii	False
n344	False
Micropterus_salmoides	False
Centrarchus_macropterus	False
Pomoxis_annularis	False
Lepidopus_caudatus	True
Lepidotrigla_cavillone	False
n384	True
n387387	True
n391	True
Harpagifer_antarcticus	True
n394394	True
n400400	True
Dissostichus_eleginoides	True
Dissostichus_mawsoni	True
n403	True
Trematomus_loennbergii	True
n413	True
Stomias_gracilis	True
Atractoscion_aequidens	False
Pseudotolithus_elongatus	False
Caracanthus_unipinna	True
Scorpaenopsis_diabolus	True
n447	False
Helicolenus_dactylopterus	True
n451	True
Sebastes_flavidus	True
n455455	True
Sebastes_mystinus	True
n458	True
Sebastes_chlorostictus	True
n460	True
Sebastes_rubrivinctus	True
Ctenochaetus_strigosus	True
Ctenochaetus_truncatus	True
Aluterus_heudelotii	True
Aluterus_schoepfii	True
Meuschenia_trachylepis	True
Thamnaconus_modestus	False
n84	False
n8484	False
n338	False
Lepomis_marginatus	False
n344344	False
Micropterus_coosae	False
n384384	True
Vomeridens_infuscipinnis	True
n388	True
Histiodraco_velifer	True
n391391	True
n393	True
n395	True
n398	True
Champsocephalus_esox	True
Champsocephalus_gunnari	True
n403403	True
Trematomus_tokarevi	True
n413413	True
n415415	True
n447447	False
Chelidonichthys_kumu	False
n451451	True
n454	True
n456	True
Sebastes_paucispinis	True
n458458	True
Sebastes_diploproa	True
n460460	True
Sebastes_umbrosus	True
Gila_conspersa	False
Ptychocheilus_grandis	False
Gila_modesta	False
Gila_orcuttii	False
n338338	False
n342	False
n345	False
Micropterus_notius	False
n385	True
Prionodraco_evansii	True
n388388	True
Dolloidraco_longedorsalis	True
n392	True
Gerlachea_australis	True
Gymnodraco_acuticeps	True
Psilodraco_breviceps	True
n395395	True
n397	True
n398398	True
Dacodraco_hunteri	True
n404	True
n405	True
n414	True
n415	True
Chauliodus_macouni	True
Chauliodus_sloani	True
n448	False
n448448	False
n452	True
Sebastes_miniatus	True
n454454	True
Sebastes_pinniger	True
Sebastes_melanops	True
Sebastes_serranoides	True
Sebastes_aurora	True
Sebastes_melanostomus	True
n461	True
Sebastes_hopkinsi	True
n339	False
n341341	False
Lepomis_auritus	False
n342342	False
n345345	False
Micropterus_punctulatus	False
n385385	True
Racovitzia_glacialis	True
n389	True
n390	True
Cygnodraco_mawsoni	True
n392392	True
n396	True
Chionobathyscus_dewitti	True
Pagetopsis_macropterus	True
n397397	True
n399	True
Chionodraco_hamatus	True
Pagothenia_borchgrevinki	True
n404404	True
n405405	True
Trematomus_newnesi	True
n414414	True
Pachystomias_microdon	True
Eustomias_acinosus	True
Eustomias_filifer	True
Chelidonichthys_cuculus	False
Eutrigla_gurnardus	False
Chelidonichthys_lucerna	False
Chelidonichthys_obscurus	True
n452452	True
Sebastes_nebulosus	True
Sebastes_maliger	True
Sebastes_ruberrimus	True
n461461	True
Sebastes_proriger	True
n339339	False
n340	False
Lepomis_macrochirus	False
Lepomis_megalotis	False
n343	False
Lepomis_humilis	False
n346	False
Micropterus_floridanus	False
n386	True
n386386	True
n389389	True
Pogonophryne_scotti	True
Artedidraco_orianae	True
Artedidraco_skottsbergi	True
Parachaenichthys_charcoti	True
Parachaenichthys_georgianus	True
n396396	True
Channichthys_rhinoceratus	True
Pagetopsis_maculatus	True
Pseudochaenichthys_georgianus	True
n399399	True
Chionodraco_myersi	True
Trematomus_bernacchii	True
Trematomus_hansoni	True
Trematomus_eulepidotus	True
Trematomus_pennellii	True
Aristostomias_scintillans	True
Aristostomias_tittmanni	True
n453	True
Sebastes_carnatus	True
n462	True
Sebastes_semicinctus	True
Acantharchus_pomotis	False
Lepomis_gulosus	False
Lepomis_gibbosus	False
n340340	False
Lepomis_cyanellus	False
Lepomis_symmetricus	False
Micropterus_cataractae	False
Micropterus_dolomieu	False
Akarotaxis_nudiceps	True
Bathydraco_scotiae	True
n387	True
Bathydraco_marri	True
Artedidraco_lonnbergi	True
Artedidraco_shackletoni	True
Chaenocephalus_aceratus	True
Cryodraco_atkinsoni	True
n400	True
Cryodraco_antarcticus	True
n453453	True
Sebastes_caurinus	True
n462462	True
Sebastes_nigrocinctus	True
n341	False
Lepomis_miniatus	False
Bathydraco_antarcticus	True
Bathydraco_macrolepis	True
Chaenodraco_wilsoni	True
Chionodraco_rastrospinosus	True
Sebastes_auriculatus	True
Sebastes_chrysomelas	True
Sebastes_brevispinis	True
Sebastes_ovalis	True
Lepomis_microlophus	False
Lepomis_punctatus	False
